[902] 18 Nov 23:30:38.422 # You requested maxclients of 10000 requiring at least 10032 max file descriptors.
[902] 18 Nov 23:30:38.422 # Redis can't set maximum open files to 10032 because of OS error: Operation not permitted.
[902] 18 Nov 23:30:38.422 # Current maximum open files is 1024. maxclients has been reduced to 4064 to compensate for low ulimit. If you need higher maxclients increase 'ulimit -n'.
[902] 18 Nov 23:30:38.423 # Warning: 32 bit instance detected but no memory limit set. Setting 3 GB maxmemory limit with 'noeviction' policy now.
                _._                                                  
           _.-``__ ''-._                                             
      _.-``    `.  `_.  ''-._           Redis 2.8.8 (00000000/0) 32 bit
  .-`` .-```.  ```\/    _.,_ ''-._                                   
 (    '      ,       .-`  | `,    )     Running in stand alone mode
 |`-._`-...-` __...-.``-._|'` _.-'|     Port: 7771
 |    `-._   `._    /     _.-'    |     PID: 902
  `-._    `-._  `-./  _.-'    _.-'                                   
 |`-._`-._    `-.__.-'    _.-'_.-'|                                  
 |    `-._`-._        _.-'_.-'    |           http://redis.io        
  `-._    `-._`-.__.-'_.-'    _.-'                                   
 |`-._`-._    `-.__.-'    _.-'_.-'|                                  
 |    `-._`-._        _.-'_.-'    |                                  
  `-._    `-._`-.__.-'_.-'    _.-'                                   
      `-._    `-.__.-'    _.-'                                       
          `-._        _.-'                                           
              `-.__.-'                                               

[902] 18 Nov 23:30:38.424 # Server started, Redis version 2.8.8
[902] 18 Nov 23:30:38.424 # WARNING overcommit_memory is set to 0! Background save may fail under low memory condition. To fix this issue add 'vm.overcommit_memory = 1' to /etc/sysctl.conf and then reboot or run the command 'sysctl vm.overcommit_memory=1' for this to take effect.
[902] 18 Nov 23:30:38.424 * The server is now ready to accept connections on port 7771
[902] 18 Nov 23:31:33.112 * SLAVE OF 127.0.0.1:6666 enabled (user request)
[902] 18 Nov 23:31:33.541 * Connecting to MASTER 127.0.0.1:6666
[902] 18 Nov 23:31:33.541 * MASTER <-> SLAVE sync started
[902] 18 Nov 23:31:33.541 * Non blocking connect for SYNC fired the event.
[902] 18 Nov 23:31:33.541 * Master replied to PING, replication can continue...
[902] 18 Nov 23:31:33.542 * Partial resynchronization not possible (no cached master)
[902] 18 Nov 23:31:33.542 * Full resync from master: c3497ed9a9afa8e03147086fcfc5dc4168497abe:1
[902] 18 Nov 23:31:33.666 * MASTER <-> SLAVE sync: receiving 50 bytes from master
[902] 18 Nov 23:31:33.666 * MASTER <-> SLAVE sync: Flushing old data
[902] 18 Nov 23:31:33.666 * MASTER <-> SLAVE sync: Loading DB in memory
[902] 18 Nov 23:31:33.666 * MASTER <-> SLAVE sync: Finished with success
[902] 18 Nov 23:34:21.855 # User requested shutdown...
[902] 18 Nov 23:34:21.855 * Saving the final RDB snapshot before exiting.
[902] 18 Nov 23:34:21.901 * DB saved on disk
[902] 18 Nov 23:34:21.901 * Removing the pid file.
[902] 18 Nov 23:34:21.901 # Redis is now ready to exit, bye bye...
