[4233] 18 Nov 23:33:41.018 # You requested maxclients of 10000 requiring at least 10032 max file descriptors.
[4233] 18 Nov 23:33:41.019 # Redis can't set maximum open files to 10032 because of OS error: Operation not permitted.
[4233] 18 Nov 23:33:41.019 # Current maximum open files is 1024. maxclients has been reduced to 4064 to compensate for low ulimit. If you need higher maxclients increase 'ulimit -n'.
[4233] 18 Nov 23:33:41.019 # Warning: 32 bit instance detected but no memory limit set. Setting 3 GB maxmemory limit with 'noeviction' policy now.
                _._                                                  
           _.-``__ ''-._                                             
      _.-``    `.  `_.  ''-._           Redis 2.8.8 (00000000/0) 32 bit
  .-`` .-```.  ```\/    _.,_ ''-._                                   
 (    '      ,       .-`  | `,    )     Running in stand alone mode
 |`-._`-...-` __...-.``-._|'` _.-'|     Port: 7772
 |    `-._   `._    /     _.-'    |     PID: 4233
  `-._    `-._  `-./  _.-'    _.-'                                   
 |`-._`-._    `-.__.-'    _.-'_.-'|                                  
 |    `-._`-._        _.-'_.-'    |           http://redis.io        
  `-._    `-._`-.__.-'_.-'    _.-'                                   
 |`-._`-._    `-.__.-'    _.-'_.-'|                                  
 |    `-._`-._        _.-'_.-'    |                                  
  `-._    `-._`-.__.-'_.-'    _.-'                                   
      `-._    `-.__.-'    _.-'                                       
          `-._        _.-'                                           
              `-.__.-'                                               

[4233] 18 Nov 23:33:41.019 # Server started, Redis version 2.8.8
[4233] 18 Nov 23:33:41.019 # WARNING overcommit_memory is set to 0! Background save may fail under low memory condition. To fix this issue add 'vm.overcommit_memory = 1' to /etc/sysctl.conf and then reboot or run the command 'sysctl vm.overcommit_memory=1' for this to take effect.
[4233] 18 Nov 23:33:41.019 * The server is now ready to accept connections on port 7772
[4233] 18 Nov 23:34:13.679 # User requested shutdown...
[4233] 18 Nov 23:34:13.680 * Saving the final RDB snapshot before exiting.
[4233] 18 Nov 23:34:13.729 * DB saved on disk
[4233] 18 Nov 23:34:13.729 * Removing the pid file.
[4233] 18 Nov 23:34:13.729 # Redis is now ready to exit, bye bye...
